<?xml version="1.0" encoding="UTF-8"?>
<testng-results skipped="0" failed="1" total="12" passed="11">
  <reporter-output>
  </reporter-output>
  <suite name="Surefire suite" duration-ms="26093" started-at="2020-08-03T12:48:21Z" finished-at="2020-08-03T12:48:47Z">
    <groups>
    </groups>
    <test name="Surefire test" duration-ms="26093" started-at="2020-08-03T12:48:21Z" finished-at="2020-08-03T12:48:47Z">
      <class name="com.cognizant.IndexPageTest">
        <test-method status="PASS" signature="testCancelPresentsTagNameType()[pri:0, instance:testCancelPresentsTagNameType(com.cognizant.IndexPageTest)]" name="testCancelPresentsTagNameType" duration-ms="350" started-at="2020-08-03T18:18:40Z" finished-at="2020-08-03T18:18:40Z">
          <reporter-output>
          </reporter-output>
        </test-method> <!-- testCancelPresentsTagNameType -->
        <test-method status="PASS" signature="testFormPresentActionValueMethodName()[pri:0, instance:testFormPresentActionValueMethodName(com.cognizant.IndexPageTest)]" name="testFormPresentActionValueMethodName" duration-ms="203" started-at="2020-08-03T18:18:40Z" finished-at="2020-08-03T18:18:41Z">
          <reporter-output>
          </reporter-output>
        </test-method> <!-- testFormPresentActionValueMethodName -->
        <test-method status="PASS" signature="testheadingPresent()[pri:0, instance:testheadingPresent(com.cognizant.IndexPageTest)]" name="testheadingPresent" duration-ms="199" started-at="2020-08-03T18:18:41Z" finished-at="2020-08-03T18:18:41Z">
          <reporter-output>
          </reporter-output>
        </test-method> <!-- testheadingPresent -->
        <test-method status="PASS" signature="testNamePresentsTagNameType()[pri:0, instance:testNamePresentsTagNameType(com.cognizant.IndexPageTest)]" name="testNamePresentsTagNameType" duration-ms="133" started-at="2020-08-03T18:18:41Z" finished-at="2020-08-03T18:18:41Z">
          <reporter-output>
          </reporter-output>
        </test-method> <!-- testNamePresentsTagNameType -->
        <test-method status="PASS" signature="testDobIsEmpty()[pri:0, instance:testDobIsEmpty(com.cognizant.IndexPageTest)]" name="testDobIsEmpty" duration-ms="600" started-at="2020-08-03T18:18:41Z" finished-at="2020-08-03T18:18:42Z">
          <reporter-output>
          </reporter-output>
        </test-method> <!-- testDobIsEmpty -->
        <test-method status="PASS" signature="testsubmitPresentsTagNameType()[pri:0, instance:testsubmitPresentsTagNameType(com.cognizant.IndexPageTest)]" name="testsubmitPresentsTagNameType" duration-ms="136" started-at="2020-08-03T18:18:42Z" finished-at="2020-08-03T18:18:42Z">
          <reporter-output>
          </reporter-output>
        </test-method> <!-- testsubmitPresentsTagNameType -->
        <test-method status="PASS" signature="testNameIsEmpty()[pri:0, instance:testNameIsEmpty(com.cognizant.IndexPageTest)]" name="testNameIsEmpty" duration-ms="400" started-at="2020-08-03T18:18:42Z" finished-at="2020-08-03T18:18:42Z">
          <reporter-output>
          </reporter-output>
        </test-method> <!-- testNameIsEmpty -->
        <test-method status="FAIL" signature="testSubmitAction()[pri:0, instance:testSubmitAction(com.cognizant.IndexPageTest)]" name="testSubmitAction" duration-ms="970" started-at="2020-08-03T18:18:42Z" finished-at="2020-08-03T18:18:43Z">
          <exception class="java.lang.AssertionError">
            <full-stacktrace>
              <![CDATA[java.lang.AssertionError
	at org.junit.Assert.fail(Assert.java:86)
	at org.junit.Assert.assertTrue(Assert.java:41)
	at org.junit.Assert.assertTrue(Assert.java:52)
	at com.cognizant.IndexPageTest.testSubmitAction(IndexPageTest.java:187)
	at sun.reflect.NativeMethodAccessorImpl.invoke0(Native Method)
	at sun.reflect.NativeMethodAccessorImpl.invoke(NativeMethodAccessorImpl.java:62)
	at sun.reflect.DelegatingMethodAccessorImpl.invoke(DelegatingMethodAccessorImpl.java:43)
	at java.lang.reflect.Method.invoke(Method.java:498)
	at org.junit.runners.model.FrameworkMethod$1.runReflectiveCall(FrameworkMethod.java:47)
	at org.junit.internal.runners.model.ReflectiveCallable.run(ReflectiveCallable.java:12)
	at org.junit.runners.model.FrameworkMethod.invokeExplosively(FrameworkMethod.java:44)
	at org.junit.internal.runners.statements.InvokeMethod.evaluate(InvokeMethod.java:17)
	at org.junit.runners.ParentRunner.runLeaf(ParentRunner.java:271)
	at org.junit.runners.BlockJUnit4ClassRunner.runChild(BlockJUnit4ClassRunner.java:70)
	at org.junit.runners.BlockJUnit4ClassRunner.runChild(BlockJUnit4ClassRunner.java:50)
	at org.junit.runners.ParentRunner$3.run(ParentRunner.java:238)
	at org.junit.runners.ParentRunner$1.schedule(ParentRunner.java:63)
	at org.junit.runners.ParentRunner.runChildren(ParentRunner.java:236)
	at org.junit.runners.ParentRunner.access$000(ParentRunner.java:53)
	at org.junit.runners.ParentRunner$2.evaluate(ParentRunner.java:229)
	at org.junit.internal.runners.statements.RunBefores.evaluate(RunBefores.java:26)
	at org.junit.internal.runners.statements.RunAfters.evaluate(RunAfters.java:27)
	at org.junit.runners.ParentRunner.run(ParentRunner.java:309)
	at org.junit.runner.JUnitCore.run(JUnitCore.java:160)
	at org.junit.runner.JUnitCore.run(JUnitCore.java:138)
	at org.testng.junit.JUnit4TestRunner.start(JUnit4TestRunner.java:81)
	at org.testng.junit.JUnit4TestRunner.run(JUnit4TestRunner.java:69)
	at org.testng.TestRunner$1.run(TestRunner.java:697)
	at org.testng.TestRunner.runJUnitWorkers(TestRunner.java:1004)
	at org.testng.TestRunner.privateRunJUnit(TestRunner.java:728)
	at org.testng.TestRunner.run(TestRunner.java:629)
	at org.testng.SuiteRunner.runTest(SuiteRunner.java:366)
	at org.testng.SuiteRunner.runSequentially(SuiteRunner.java:361)
	at org.testng.SuiteRunner.privateRun(SuiteRunner.java:319)
	at org.testng.SuiteRunner.run(SuiteRunner.java:268)
	at org.testng.SuiteRunnerWorker.runSuite(SuiteRunnerWorker.java:52)
	at org.testng.SuiteRunnerWorker.run(SuiteRunnerWorker.java:86)
	at org.testng.TestNG.runSuitesSequentially(TestNG.java:1244)
	at org.testng.TestNG.runSuitesLocally(TestNG.java:1169)
	at org.testng.TestNG.run(TestNG.java:1064)
	at org.apache.maven.surefire.testng.TestNGExecutor.run(TestNGExecutor.java:135)
	at org.apache.maven.surefire.testng.TestNGDirectoryTestSuite.executeMulti(TestNGDirectoryTestSuite.java:198)
	at org.apache.maven.surefire.testng.TestNGDirectoryTestSuite.execute(TestNGDirectoryTestSuite.java:94)
	at org.apache.maven.surefire.testng.TestNGProvider.invoke(TestNGProvider.java:146)
	at org.apache.maven.surefire.booter.ForkedBooter.invokeProviderInSameClassLoader(ForkedBooter.java:384)
	at org.apache.maven.surefire.booter.ForkedBooter.runSuitesInProcess(ForkedBooter.java:345)
	at org.apache.maven.surefire.booter.ForkedBooter.execute(ForkedBooter.java:126)
	at org.apache.maven.surefire.booter.ForkedBooter.main(ForkedBooter.java:418)
]]>
            </full-stacktrace>
          </exception> <!-- java.lang.AssertionError -->
          <reporter-output>
          </reporter-output>
        </test-method> <!-- testSubmitAction -->
        <test-method status="PASS" signature="testDateOfBirthPresentsTagNameType()[pri:0, instance:testDateOfBirthPresentsTagNameType(com.cognizant.IndexPageTest)]" name="testDateOfBirthPresentsTagNameType" duration-ms="93" started-at="2020-08-03T18:18:43Z" finished-at="2020-08-03T18:18:43Z">
          <reporter-output>
          </reporter-output>
        </test-method> <!-- testDateOfBirthPresentsTagNameType -->
      </class> <!-- com.cognizant.IndexPageTest -->
      <class name="com.cognizant.AgeTests">
        <test-method status="PASS" signature="testCalculateAgeCorrectDate()[pri:0, instance:testCalculateAgeCorrectDate(com.cognizant.AgeTests)]" name="testCalculateAgeCorrectDate" duration-ms="1221" started-at="2020-08-03T18:18:21Z" finished-at="2020-08-03T18:18:22Z">
          <reporter-output>
          </reporter-output>
        </test-method> <!-- testCalculateAgeCorrectDate -->
        <test-method status="PASS" signature="testCalculateAgeInvalidDate()[pri:0, instance:testCalculateAgeInvalidDate(com.cognizant.AgeTests)]" name="testCalculateAgeInvalidDate" duration-ms="6" started-at="2020-08-03T18:18:22Z" finished-at="2020-08-03T18:18:22Z">
          <reporter-output>
          </reporter-output>
        </test-method> <!-- testCalculateAgeInvalidDate -->
        <test-method status="PASS" signature="testAgeCalculatorServlet()[pri:0, instance:testAgeCalculatorServlet(com.cognizant.AgeTests)]" name="testAgeCalculatorServlet" duration-ms="133" started-at="2020-08-03T18:18:22Z" finished-at="2020-08-03T18:18:22Z">
          <reporter-output>
          </reporter-output>
        </test-method> <!-- testAgeCalculatorServlet -->
      </class> <!-- com.cognizant.AgeTests -->
    </test> <!-- Surefire test -->
  </suite> <!-- Surefire suite -->
</testng-results>
