<?xml version="1.0" encoding="UTF-8"?>
<testsuite xmlns:xsi="http://www.w3.org/2001/XMLSchema-instance" xsi:noNamespaceSchemaLocation="https://maven.apache.org/surefire/maven-surefire-plugin/xsd/surefire-test-report.xsd" name="TestSuite" time="29.338" tests="12" errors="0" skipped="0" failures="1">
  <properties>
[...]
</properties>
  <testcase name="testCalculateAgeCorrectDate on testCalculateAgeCorrectDate(com.cognizant.AgeTests)" classname="com.cognizant.AgeTests" time="1.219"/>
  <testcase name="testCalculateAgeInvalidDate on testCalculateAgeInvalidDate(com.cognizant.AgeTests)" classname="com.cognizant.AgeTests" time="0"/>
  <testcase name="testAgeCalculatorServlet on testAgeCalculatorServlet(com.cognizant.AgeTests)" classname="com.cognizant.AgeTests" time="0.133"/>
  <testcase name="testCancelPresentsTagNameType on testCancelPresentsTagNameType(com.cognizant.IndexPageTest)" classname="com.cognizant.IndexPageTest" time="0.345"/>
  <testcase name="testFormPresentActionValueMethodName on testFormPresentActionValueMethodName(com.cognizant.IndexPageTest)" classname="com.cognizant.IndexPageTest" time="0.203"/>
  <testcase name="testheadingPresent on testheadingPresent(com.cognizant.IndexPageTest)" classname="com.cognizant.IndexPageTest" time="0.199"/>
  <testcase name="testNamePresentsTagNameType on testNamePresentsTagNameType(com.cognizant.IndexPageTest)" classname="com.cognizant.IndexPageTest" time="0.132"/>
  <testcase name="testDobIsEmpty on testDobIsEmpty(com.cognizant.IndexPageTest)" classname="com.cognizant.IndexPageTest" time="0.6"/>
  <testcase name="testsubmitPresentsTagNameType on testsubmitPresentsTagNameType(com.cognizant.IndexPageTest)" classname="com.cognizant.IndexPageTest" time="0.135"/>
  <testcase name="testNameIsEmpty on testNameIsEmpty(com.cognizant.IndexPageTest)" classname="com.cognizant.IndexPageTest" time="0.4"/>
  <testcase name="testSubmitAction on testSubmitAction(com.cognizant.IndexPageTest)" classname="com.cognizant.IndexPageTest" time="1.005">
    <failure type="java.lang.AssertionError">java.lang.AssertionError
	at com.cognizant.IndexPageTest.testSubmitAction(IndexPageTest.java:187)
</failure>
  </testcase>
  <testcase name="testDateOfBirthPresentsTagNameType on testDateOfBirthPresentsTagNameType(com.cognizant.IndexPageTest)" classname="com.cognizant.IndexPageTest" time="0.091"/>
</testsuite>